<?xml version="1.0" encoding="UTF-8"?>
<!-- Generated by org.testng.reporters.JUnitXMLReporter -->
<testsuite ignored="0" hostname="QT-INBG-LT1540" failures="0" tests="3" name="Default test" time="1.783" errors="0" timestamp="2022-10-20T10:51:53 IST">
  <testcase classname="com.vagrant.genericlibrary.Baseclass" name="@BeforeClass launchbrowser" time="1.724">
    <failure type="org.openqa.selenium.SessionNotCreatedException" message="session not created: This version of ChromeDriver only supports Chrome version 98
Current browser version is 106.0.5249.119 with binary path C:\Program Files\Google\Chrome\Application\chrome.exe
Build info: version: &amp;apos;3.141.59&amp;apos;, revision: &amp;apos;e82be7d358&amp;apos;, time: &amp;apos;2018-11-14T08:17:03&amp;apos;
System info: host: &amp;apos;QT-INBG-LT1540&amp;apos;, ip: &amp;apos;192.168.0.16&amp;apos;, os.name: &amp;apos;Windows 10&amp;apos;, os.arch: &amp;apos;amd64&amp;apos;, os.version: &amp;apos;10.0&amp;apos;, java.version: &amp;apos;17.0.4&amp;apos;
Driver info: driver.version: ChromeDriver
remote stacktrace: Backtrace:
	Ordinal0 [0x010969A3+2582947]
	Ordinal0 [0x0102A6D1+2139857]
	Ordinal0 [0x00F23A98+1063576]
	Ordinal0 [0x00F433B8+1192888]
	Ordinal0 [0x00F3F235+1176117]
	Ordinal0 [0x00F3C9E1+1165793]
	Ordinal0 [0x00F6CFFF+1363967]
	Ordinal0 [0x00F6CC2A+1362986]
	Ordinal0 [0x00F68366+1344358]
	Ordinal0 [0x00F45176+1200502]
	Ordinal0 [0x00F46066+1204326]
	GetHandleVerifier [0x0123BE02+1675858]
	GetHandleVerifier [0x012F036C+2414524]
	GetHandleVerifier [0x0112BB01+560977]
	GetHandleVerifier [0x0112A8D3+556323]
	Ordinal0 [0x0103020E+2163214]
	Ordinal0 [0x01035078+2183288]
	Ordinal0 [0x010351C0+2183616]
	Ordinal0 [0x0103EE1C+2223644]
	BaseThreadInitThunk [0x75E3FA29+25]
	RtlGetAppContainerNamedObjectPath [0x77797C3E+286]
	RtlGetAppContainerNamedObjectPath [0x77797C0E+238]
">
      <![CDATA[org.openqa.selenium.SessionNotCreatedException: session not created: This version of ChromeDriver only supports Chrome version 98
Current browser version is 106.0.5249.119 with binary path C:\Program Files\Google\Chrome\Application\chrome.exe
Build info: version: '3.141.59', revision: 'e82be7d358', time: '2018-11-14T08:17:03'
System info: host: 'QT-INBG-LT1540', ip: '192.168.0.16', os.name: 'Windows 10', os.arch: 'amd64', os.version: '10.0', java.version: '17.0.4'
Driver info: driver.version: ChromeDriver
remote stacktrace: Backtrace:
Ordinal0 [0x010969A3+2582947]
Ordinal0 [0x0102A6D1+2139857]
Ordinal0 [0x00F23A98+1063576]
Ordinal0 [0x00F433B8+1192888]
Ordinal0 [0x00F3F235+1176117]
Ordinal0 [0x00F3C9E1+1165793]
Ordinal0 [0x00F6CFFF+1363967]
Ordinal0 [0x00F6CC2A+1362986]
Ordinal0 [0x00F68366+1344358]
Ordinal0 [0x00F45176+1200502]
Ordinal0 [0x00F46066+1204326]
GetHandleVerifier [0x0123BE02+1675858]
GetHandleVerifier [0x012F036C+2414524]
GetHandleVerifier [0x0112BB01+560977]
GetHandleVerifier [0x0112A8D3+556323]
Ordinal0 [0x0103020E+2163214]
Ordinal0 [0x01035078+2183288]
Ordinal0 [0x010351C0+2183616]
Ordinal0 [0x0103EE1C+2223644]
BaseThreadInitThunk [0x75E3FA29+25]
RtlGetAppContainerNamedObjectPath [0x77797C3E+286]
RtlGetAppContainerNamedObjectPath [0x77797C0E+238]

at java.base/jdk.internal.reflect.NativeConstructorAccessorImpl.newInstance0(Native Method)
at java.base/jdk.internal.reflect.NativeConstructorAccessorImpl.newInstance(NativeConstructorAccessorImpl.java:77)
at java.base/jdk.internal.reflect.DelegatingConstructorAccessorImpl.newInstance(DelegatingConstructorAccessorImpl.java:45)
at java.base/java.lang.reflect.Constructor.newInstanceWithCaller(Constructor.java:499)
at java.base/java.lang.reflect.Constructor.newInstance(Constructor.java:480)
at org.openqa.selenium.remote.W3CHandshakeResponse.lambda$errorHandler$0(W3CHandshakeResponse.java:62)
at org.openqa.selenium.remote.HandshakeResponse.lambda$getResponseFunction$0(HandshakeResponse.java:30)
at org.openqa.selenium.remote.ProtocolHandshake.lambda$createSession$0(ProtocolHandshake.java:126)
at java.base/java.util.stream.ReferencePipeline$3$1.accept(ReferencePipeline.java:197)
at java.base/java.util.Spliterators$ArraySpliterator.tryAdvance(Spliterators.java:1002)
at java.base/java.util.stream.ReferencePipeline.forEachWithCancel(ReferencePipeline.java:129)
at java.base/java.util.stream.AbstractPipeline.copyIntoWithCancel(AbstractPipeline.java:527)
at java.base/java.util.stream.AbstractPipeline.copyInto(AbstractPipeline.java:513)
at java.base/java.util.stream.AbstractPipeline.wrapAndCopyInto(AbstractPipeline.java:499)
at java.base/java.util.stream.FindOps$FindOp.evaluateSequential(FindOps.java:150)
at java.base/java.util.stream.AbstractPipeline.evaluate(AbstractPipeline.java:234)
at java.base/java.util.stream.ReferencePipeline.findFirst(ReferencePipeline.java:647)
at org.openqa.selenium.remote.ProtocolHandshake.createSession(ProtocolHandshake.java:128)
at org.openqa.selenium.remote.ProtocolHandshake.createSession(ProtocolHandshake.java:74)
at org.openqa.selenium.remote.HttpCommandExecutor.execute(HttpCommandExecutor.java:136)
at org.openqa.selenium.remote.service.DriverCommandExecutor.execute(DriverCommandExecutor.java:83)
at org.openqa.selenium.remote.RemoteWebDriver.execute(RemoteWebDriver.java:552)
at org.openqa.selenium.remote.RemoteWebDriver.startSession(RemoteWebDriver.java:213)
at org.openqa.selenium.remote.RemoteWebDriver.<init>(RemoteWebDriver.java:131)
at org.openqa.selenium.chrome.ChromeDriver.<init>(ChromeDriver.java:181)
at org.openqa.selenium.chrome.ChromeDriver.<init>(ChromeDriver.java:168)
at org.openqa.selenium.chrome.ChromeDriver.<init>(ChromeDriver.java:123)
at com.vagrant.genericlibrary.Baseclass.launchbrowser(Baseclass.java:27)
at java.base/jdk.internal.reflect.NativeMethodAccessorImpl.invoke0(Native Method)
at java.base/jdk.internal.reflect.NativeMethodAccessorImpl.invoke(NativeMethodAccessorImpl.java:77)
at java.base/jdk.internal.reflect.DelegatingMethodAccessorImpl.invoke(DelegatingMethodAccessorImpl.java:43)
at java.base/java.lang.reflect.Method.invoke(Method.java:568)
at org.testng.internal.MethodInvocationHelper.invokeMethod(MethodInvocationHelper.java:134)
at org.testng.internal.MethodInvocationHelper.invokeMethodConsideringTimeout(MethodInvocationHelper.java:63)
at org.testng.internal.ConfigInvoker.invokeConfigurationMethod(ConfigInvoker.java:348)
at org.testng.internal.ConfigInvoker.invokeConfigurations(ConfigInvoker.java:302)
at org.testng.internal.TestMethodWorker.invokeBeforeClassMethods(TestMethodWorker.java:176)
at org.testng.internal.TestMethodWorker.run(TestMethodWorker.java:122)
at java.base/java.util.ArrayList.forEach(ArrayList.java:1511)
at org.testng.TestRunner.privateRun(TestRunner.java:766)
at org.testng.TestRunner.run(TestRunner.java:587)
at org.testng.SuiteRunner.runTest(SuiteRunner.java:384)
at org.testng.SuiteRunner.runSequentially(SuiteRunner.java:378)
at org.testng.SuiteRunner.privateRun(SuiteRunner.java:337)
at org.testng.SuiteRunner.run(SuiteRunner.java:286)
at org.testng.SuiteRunnerWorker.runSuite(SuiteRunnerWorker.java:53)
at org.testng.SuiteRunnerWorker.run(SuiteRunnerWorker.java:96)
at org.testng.TestNG.runSuitesSequentially(TestNG.java:1187)
at org.testng.TestNG.runSuitesLocally(TestNG.java:1109)
at org.testng.TestNG.runSuites(TestNG.java:1039)
at org.testng.TestNG.run(TestNG.java:1007)
at org.testng.remote.AbstractRemoteTestNG.run(AbstractRemoteTestNG.java:115)
at org.testng.remote.RemoteTestNG.initAndRun(RemoteTestNG.java:251)
at org.testng.remote.RemoteTestNG.main(RemoteTestNG.java:77)
]]>
    </failure>
  </testcase> <!-- @BeforeClass launchbrowser -->
  <testcase classname="com.vagrant.genericlibrary.Baseclass" name="@AfterClass closebrowser" time="-1.666243313159E9">
    <skipped/>
  </testcase> <!-- @AfterClass closebrowser -->
  <testcase classname="com.testvagrant.PushpaMovieValidation.imdb" name="imdbdata" time="0.0">
    <skipped/>
  </testcase> <!-- imdbdata -->
  <testcase classname="com.testvagrant.PushpaMovieValidation.imdb" name="validation" time="0.0">
    <skipped/>
  </testcase> <!-- validation -->
  <testcase classname="com.testvagrant.PushpaMovieValidation.imdb" name="wikidata" time="0.0">
    <skipped/>
  </testcase> <!-- wikidata -->
</testsuite> <!-- Default test -->
